2024-07-07 14:04:25 [[31merror[39m]: uncaughtException: app.use() requires a middleware function
TypeError: app.use() requires a middleware function
    at Function.use (/private/var/www/momo/node_modules/express/lib/application.js:217:11)
    at Object.<anonymous> (/private/var/www/momo/src/app.ts:15:5)
    at Module._compile (node:internal/modules/cjs/loader:1119:14)
    at Module.m._compile (/private/var/www/momo/node_modules/ts-node/src/index.ts:1618:23)
    at Module._extensions..js (node:internal/modules/cjs/loader:1173:10)
    at Object.require.extensions.<computed> [as .ts] (/private/var/www/momo/node_modules/ts-node/src/index.ts:1621:12)
    at Module.load (node:internal/modules/cjs/loader:997:32)
    at Function.Module._load (node:internal/modules/cjs/loader:838:12)
    at Module.require (node:internal/modules/cjs/loader:1021:19)
    at require (node:internal/modules/cjs/helpers:103:18)
2024-07-07 14:04:33 [[31merror[39m]: uncaughtException: app.use() requires a middleware function
TypeError: app.use() requires a middleware function
    at Function.use (/private/var/www/momo/node_modules/express/lib/application.js:217:11)
    at Object.<anonymous> (/private/var/www/momo/src/app.ts:15:5)
    at Module._compile (node:internal/modules/cjs/loader:1119:14)
    at Module.m._compile (/private/var/www/momo/node_modules/ts-node/src/index.ts:1618:23)
    at Module._extensions..js (node:internal/modules/cjs/loader:1173:10)
    at Object.require.extensions.<computed> [as .ts] (/private/var/www/momo/node_modules/ts-node/src/index.ts:1621:12)
    at Module.load (node:internal/modules/cjs/loader:997:32)
    at Function.Module._load (node:internal/modules/cjs/loader:838:12)
    at Module.require (node:internal/modules/cjs/loader:1021:19)
    at require (node:internal/modules/cjs/helpers:103:18)
2024-07-07 14:04:38 [[31merror[39m]: uncaughtException: app.use() requires a middleware function
TypeError: app.use() requires a middleware function
    at Function.use (/private/var/www/momo/node_modules/express/lib/application.js:217:11)
    at Object.<anonymous> (/private/var/www/momo/src/app.ts:15:5)
    at Module._compile (node:internal/modules/cjs/loader:1119:14)
    at Module.m._compile (/private/var/www/momo/node_modules/ts-node/src/index.ts:1618:23)
    at Module._extensions..js (node:internal/modules/cjs/loader:1173:10)
    at Object.require.extensions.<computed> [as .ts] (/private/var/www/momo/node_modules/ts-node/src/index.ts:1621:12)
    at Module.load (node:internal/modules/cjs/loader:997:32)
    at Function.Module._load (node:internal/modules/cjs/loader:838:12)
    at Module.require (node:internal/modules/cjs/loader:1021:19)
    at require (node:internal/modules/cjs/helpers:103:18)
2024-07-07 14:04:42 [[31merror[39m]: uncaughtException: app.use() requires a middleware function
TypeError: app.use() requires a middleware function
    at Function.use (/private/var/www/momo/node_modules/express/lib/application.js:217:11)
    at Object.<anonymous> (/private/var/www/momo/src/app.ts:15:5)
    at Module._compile (node:internal/modules/cjs/loader:1119:14)
    at Module.m._compile (/private/var/www/momo/node_modules/ts-node/src/index.ts:1618:23)
    at Module._extensions..js (node:internal/modules/cjs/loader:1173:10)
    at Object.require.extensions.<computed> [as .ts] (/private/var/www/momo/node_modules/ts-node/src/index.ts:1621:12)
    at Module.load (node:internal/modules/cjs/loader:997:32)
    at Function.Module._load (node:internal/modules/cjs/loader:838:12)
    at Module.require (node:internal/modules/cjs/loader:1021:19)
    at require (node:internal/modules/cjs/helpers:103:18)
2024-07-07 14:04:48 [[31merror[39m]: uncaughtException: app.use() requires a middleware function
TypeError: app.use() requires a middleware function
    at Function.use (/private/var/www/momo/node_modules/express/lib/application.js:217:11)
    at Object.<anonymous> (/private/var/www/momo/src/app.ts:15:5)
    at Module._compile (node:internal/modules/cjs/loader:1119:14)
    at Module.m._compile (/private/var/www/momo/node_modules/ts-node/src/index.ts:1618:23)
    at Module._extensions..js (node:internal/modules/cjs/loader:1173:10)
    at Object.require.extensions.<computed> [as .ts] (/private/var/www/momo/node_modules/ts-node/src/index.ts:1621:12)
    at Module.load (node:internal/modules/cjs/loader:997:32)
    at Function.Module._load (node:internal/modules/cjs/loader:838:12)
    at Module.require (node:internal/modules/cjs/loader:1021:19)
    at require (node:internal/modules/cjs/helpers:103:18)
2024-07-07 14:12:42 [[31merror[39m]: uncaughtException: Cannot set headers after they are sent to the client
Error [ERR_HTTP_HEADERS_SENT]: Cannot set headers after they are sent to the client
    at new NodeError (node:internal/errors:393:5)
    at ServerResponse.setHeader (node:_http_outgoing:607:11)
    at ServerResponse.header (/private/var/www/momo/node_modules/express/lib/response.js:795:10)
    at ServerResponse.send (/private/var/www/momo/node_modules/express/lib/response.js:175:12)
    at ServerResponse.json (/private/var/www/momo/node_modules/express/lib/response.js:279:15)
    at CollectionController.handleErrorResponse (/private/var/www/momo/src/controllers/MoMo/Collection/CollectionController.ts:24:34)
    at CollectionController.<anonymous> (/private/var/www/momo/src/controllers/MoMo/Collection/CollectionController.ts:18:18)
    at Generator.throw (<anonymous>)
    at rejected (/private/var/www/momo/src/controllers/MoMo/Collection/CollectionController.ts:6:65)
    at processTicksAndRejections (node:internal/process/task_queues:95:5)
